2023-03-02T14:03:26.249+03:00  INFO 16332 --- [main] r.n.t.TransferMoneyServiceApplication    : Starting TransferMoneyServiceApplication using Java 17.0.2 with PID 16332 (E:\Ultimate\transferMoneyService\target\classes started by maxro in E:\Ultimate\transfermoneyservice)
2023-03-02T14:03:26.253+03:00  INFO 16332 --- [main] r.n.t.TransferMoneyServiceApplication    : No active profile set, falling back to 1 default profile: "default"
2023-03-02T14:03:27.798+03:00  INFO 16332 --- [main] trationDelegate$BeanPostProcessorChecker : Bean 'org.springframework.ws.config.annotation.DelegatingWsConfiguration' of type [org.springframework.ws.config.annotation.DelegatingWsConfiguration$$SpringCGLIB$$0] is not eligible for getting processed by all BeanPostProcessors (for example: not eligible for auto-proxying)
2023-03-02T14:03:27.848+03:00  INFO 16332 --- [main] .w.s.a.s.AnnotationActionEndpointMapping : Supporting [WS-Addressing August 2004, WS-Addressing 1.0]
2023-03-02T14:03:28.143+03:00  INFO 16332 --- [main] o.s.b.w.embedded.tomcat.TomcatWebServer  : Tomcat initialized with port(s): 5500 (http)
2023-03-02T14:03:28.159+03:00  INFO 16332 --- [main] o.apache.catalina.core.StandardService   : Starting service [Tomcat]
2023-03-02T14:03:28.160+03:00  INFO 16332 --- [main] o.apache.catalina.core.StandardEngine    : Starting Servlet engine: [Apache Tomcat/10.1.5]
2023-03-02T14:03:28.294+03:00  INFO 16332 --- [main] o.a.c.c.C.[Tomcat].[localhost].[/]       : Initializing Spring embedded WebApplicationContext
2023-03-02T14:03:28.295+03:00  INFO 16332 --- [main] w.s.c.ServletWebServerApplicationContext : Root WebApplicationContext: initialization completed in 1967 ms
2023-03-02T14:03:29.564+03:00  INFO 16332 --- [main] o.s.b.a.e.web.EndpointLinksResolver      : Exposing 1 endpoint(s) beneath base path '/actuator'
2023-03-02T14:03:29.647+03:00  INFO 16332 --- [main] o.s.b.w.embedded.tomcat.TomcatWebServer  : Tomcat started on port(s): 5500 (http) with context path ''
2023-03-02T14:03:29.666+03:00  INFO 16332 --- [main] r.n.t.TransferMoneyServiceApplication    : Started TransferMoneyServiceApplication in 4.138 seconds (process running for 5.127)
2023-03-02T14:03:30.002+03:00  INFO 16332 --- [RMI TCP Connection(3)-192.168.0.145] o.a.c.c.C.[Tomcat].[localhost].[/]       : Initializing Spring DispatcherServlet 'dispatcherServlet'
2023-03-02T14:03:30.003+03:00  INFO 16332 --- [RMI TCP Connection(3)-192.168.0.145] o.s.web.servlet.DispatcherServlet        : Initializing Servlet 'dispatcherServlet'
2023-03-02T14:03:30.005+03:00  INFO 16332 --- [RMI TCP Connection(3)-192.168.0.145] o.s.web.servlet.DispatcherServlet        : Completed initialization in 1 ms
2023-03-02T14:05:38.582+03:00  INFO 16332 --- [http-nio-5500-exec-3] r.n.t.service.Service                    : Перевод успешно осуществлен. Номер операции 1, № карты отправителя 1000000000000000, № карты получателя 2000000000000000, сумма перевода 10000.0, валюта перевода RUR, комиссия за перевод 100.0
2023-03-02T14:06:01.910+03:00  INFO 16332 --- [http-nio-5500-exec-5] r.n.t.service.Service                    : Перевод успешно осуществлен. Номер операции 2, № карты отправителя 2000000000000000, № карты получателя 1000000000000000, сумма перевода 5000.0, валюта перевода RUR, комиссия за перевод 50.0
2023-03-02T14:06:35.046+03:00 ERROR 16332 --- [http-nio-5500-exec-6] r.n.t.service.Service                    : Недостаточно средств на карте 2000000000000000
2023-03-02T14:07:07.653+03:00  WARN 16332 --- [http-nio-5500-exec-7] .w.s.m.s.DefaultHandlerExceptionResolver : Resolved [org.springframework.http.converter.HttpMessageNotReadableException: Required request body is missing: public ru.netology.transfermoneyservice.model.response.TransferAndConfirmResponse ru.netology.transfermoneyservice.controller.ControllerTransfer.postTransfer(ru.netology.transfermoneyservice.model.request.TransferRequest)]
2023-03-02T14:09:55.300+03:00  WARN 16332 --- [http-nio-5500-exec-8] .w.s.m.s.DefaultHandlerExceptionResolver : Resolved [org.springframework.http.converter.HttpMessageNotReadableException: Required request body is missing: public ru.netology.transfermoneyservice.model.response.TransferAndConfirmResponse ru.netology.transfermoneyservice.controller.ControllerTransfer.postTransfer(ru.netology.transfermoneyservice.model.request.TransferRequest)]
2023-03-02T14:12:55.357+03:00 ERROR 16332 --- [http-nio-5500-exec-9] r.n.t.service.Service                    : Недостаточно средств на карте 2000000000000000
